<?xml version="1.0" encoding="UTF-8"?>
<!-- Generated by org.testng.reporters.JUnitReportReporter -->
<testsuite hostname="MAA-5CG1158Q3P" failures="0" tests="3" name="eero.dogfood.B2B.ClientRedirectionOnDifferentBrowsersSection" time="348.535" errors="0" timestamp="2024-03-03T14:15:47 IST" skipped="0">
  <testcase classname="eero.dogfood.B2B.ClientRedirectionOnDifferentBrowsersSection" name="C36850" time="126.699"/>
  <system-out/>
  <testcase classname="eero.dogfood.B2B.ClientRedirectionOnDifferentBrowsersSection" name="C36852" time="105.183"/>
  <system-out/>
  <testcase classname="eero.dogfood.B2B.ClientRedirectionOnDifferentBrowsersSection" name="C36853" time="116.653"/>
  <system-out/>
</testsuite> <!-- eero.dogfood.B2B.ClientRedirectionOnDifferentBrowsersSection -->
