<?xml version="1.0" encoding="UTF-8"?>
<!-- Generated by org.testng.reporters.JUnitReportReporter -->
<testsuite hostname="MAA-5CG1158Q3P" failures="0" tests="2" name="eero.dogfood.eeroos.AppiumTest" time="2.750" errors="0" timestamp="2024-03-02T20:44:10 IST" skipped="0">
  <testcase classname="eero.dogfood.eeroos.AppiumTest" name="testApp2" time="1.386"/>
  <system-out/>
  <testcase classname="eero.dogfood.eeroos.AppiumTest" name="testApp1" time="1.364"/>
  <system-out/>
</testsuite> <!-- eero.dogfood.eeroos.AppiumTest -->
