<?xml version="1.0" encoding="UTF-8"?>
<!-- Generated by org.testng.reporters.JUnitReportReporter -->
<testsuite hostname="MAA-5CG1158Q3P" failures="0" tests="5" name="eero.dogfood.Testcases" time="12.211" errors="0" timestamp="2023-12-15T08:26:06 IST" skipped="4">
  <testcase classname="eero.dogfood.Testcases" name="turnOffBridge" time="12.211"/>
  <system-out/>
  <testcase classname="eero.dogfood.Testcases" name="TurnOnGuest">
    <skipped/>
  </testcase> <!-- TurnOnGuest -->
  <system-out/>
  <testcase classname="eero.dogfood.Testcases" name="DeleteNetwork">
    <skipped/>
  </testcase> <!-- DeleteNetwork -->
  <system-out/>
  <testcase classname="eero.dogfood.Testcases" name="createNetwork">
    <skipped/>
  </testcase> <!-- createNetwork -->
  <system-out/>
  <testcase classname="eero.dogfood.Testcases" name="changeDhcpToManual">
    <skipped/>
  </testcase> <!-- changeDhcpToManual -->
  <system-out/>
</testsuite> <!-- eero.dogfood.Testcases -->
