<?xml version="1.0" encoding="UTF-8"?>
<!-- Generated by org.testng.reporters.JUnitReportReporter -->
<testsuite hostname="MAA-5CG1158Q3P" failures="0" tests="8" name="eero.dogfood.BusinessNetworkCases" time="198.611" errors="0" timestamp="2024-02-21T13:10:11 IST" skipped="7">
  <testcase classname="eero.dogfood.BusinessNetworkCases" name="C29192" time="198.611"/>
  <system-out/>
  <testcase classname="eero.dogfood.BusinessNetworkCases" name="C233647">
    <skipped/>
  </testcase> <!-- C233647 -->
  <system-out/>
  <testcase classname="eero.dogfood.BusinessNetworkCases" name="createBusinessNetwork">
    <skipped/>
  </testcase> <!-- createBusinessNetwork -->
  <system-out/>
  <testcase classname="eero.dogfood.BusinessNetworkCases" name="C235445">
    <skipped/>
  </testcase> <!-- C235445 -->
  <system-out/>
  <testcase classname="eero.dogfood.BusinessNetworkCases" name="C28492">
    <skipped/>
  </testcase> <!-- C28492 -->
  <system-out/>
  <testcase classname="eero.dogfood.BusinessNetworkCases" name="C36850">
    <skipped/>
  </testcase> <!-- C36850 -->
  <system-out/>
  <testcase classname="eero.dogfood.BusinessNetworkCases" name="C23963">
    <skipped/>
  </testcase> <!-- C23963 -->
  <system-out/>
  <testcase classname="eero.dogfood.BusinessNetworkCases" name="C37224">
    <skipped/>
  </testcase> <!-- C37224 -->
  <system-out/>
</testsuite> <!-- eero.dogfood.BusinessNetworkCases -->
