<?xml version="1.0" encoding="UTF-8"?>
<!-- Generated by org.testng.reporters.JUnitReportReporter -->
<testsuite hostname="MAA-5CG1158Q3P" failures="0" tests="2" name="eero.dogfood.BridgModeSection" time="15.994" errors="0" timestamp="2023-12-15T08:48:43 IST" skipped="1">
  <testcase classname="eero.dogfood.BridgModeSection" name="disableBridgeMode" time="15.994"/>
  <system-out/>
  <testcase classname="eero.dogfood.BridgModeSection" name="enableBridgeMode">
    <skipped/>
  </testcase> <!-- enableBridgeMode -->
  <system-out/>
</testsuite> <!-- eero.dogfood.BridgModeSection -->
