<?xml version="1.0" encoding="UTF-8"?>
<!-- Generated by org.testng.reporters.JUnitReportReporter -->
<testsuite hostname="MAA-5CG1158Q3P" failures="0" tests="4" name="eero.dogfood.CreateNetworkCases" time="14.009" errors="0" timestamp="2023-12-18T14:59:34 IST" skipped="3">
  <testcase classname="eero.dogfood.CreateNetworkCases" name="DeleteNetwork" time="14.009"/>
  <system-out/>
  <testcase classname="eero.dogfood.CreateNetworkCases" name="TurnOnGuest">
    <skipped/>
  </testcase> <!-- TurnOnGuest -->
  <system-out/>
  <testcase classname="eero.dogfood.CreateNetworkCases" name="changeDhcpToManual">
    <skipped/>
  </testcase> <!-- changeDhcpToManual -->
  <system-out/>
  <testcase classname="eero.dogfood.CreateNetworkCases" name="createNetwork">
    <skipped/>
  </testcase> <!-- createNetwork -->
  <system-out/>
</testsuite> <!-- eero.dogfood.CreateNetworkCases -->
