<?xml version="1.0" encoding="UTF-8"?>
<!-- Generated by org.testng.reporters.JUnitReportReporter -->
<testsuite hostname="MAA-5CG1158Q3P" failures="0" tests="7" name="eero.dogfood.multiSsidSection" time="375.153" errors="0" timestamp="2024-02-23T10:30:08 IST" skipped="4">
  <testcase classname="eero.dogfood.multiSsidSection" name="C37206" time="124.133"/>
  <system-out/>
  <testcase classname="eero.dogfood.multiSsidSection" name="C37208" time="124.529"/>
  <system-out/>
  <testcase classname="eero.dogfood.multiSsidSection" name="C385604" time="126.491"/>
  <system-out/>
  <testcase classname="eero.dogfood.multiSsidSection" name="C37148">
    <skipped/>
  </testcase> <!-- C37148 -->
  <system-out/>
  <testcase classname="eero.dogfood.multiSsidSection" name="C37146">
    <skipped/>
  </testcase> <!-- C37146 -->
  <system-out/>
  <testcase classname="eero.dogfood.multiSsidSection" name="C37155">
    <skipped/>
  </testcase> <!-- C37155 -->
  <system-out/>
  <testcase classname="eero.dogfood.multiSsidSection" name="C385605">
    <skipped/>
  </testcase> <!-- C385605 -->
  <system-out/>
</testsuite> <!-- eero.dogfood.multiSsidSection -->
