<?xml version="1.0" encoding="UTF-8"?>
<!-- Generated by org.testng.reporters.JUnitReportReporter -->
<testsuite hostname="MAA-5CG1158Q3P" failures="0" tests="3" name="eero.dogfood.BridgModeSection" time="0.914" errors="0" timestamp="2023-12-19T08:11:49 IST" skipped="2">
  <testcase classname="eero.dogfood.BridgModeSection" name="dummy" time="0.914"/>
  <system-out/>
  <testcase classname="eero.dogfood.BridgModeSection" name="enableBridgeMode">
    <skipped/>
  </testcase> <!-- enableBridgeMode -->
  <system-out/>
  <testcase classname="eero.dogfood.BridgModeSection" name="disableBridgeMode">
    <skipped/>
  </testcase> <!-- disableBridgeMode -->
  <system-out/>
</testsuite> <!-- eero.dogfood.BridgModeSection -->
