<?xml version="1.0" encoding="UTF-8"?>
<!-- Generated by org.testng.reporters.JUnitReportReporter -->
<testsuite hostname="MAA-5CG1158Q3P" failures="0" tests="9" name="eero.dogfood.BusinessNetworkCases" time="0.312" errors="1" timestamp="2024-02-11T22:20:34 IST" skipped="8">
  <testcase classname="eero.dogfood.BusinessNetworkCases" name="createBusinessNetwork" time="0.312">
    <error message="The element By.id: settingBtn is not locatable anymore because its context has been garbage collected" type="java.lang.IllegalStateException">
      <![CDATA[java.lang.IllegalStateException: The element By.id: settingBtn is not locatable anymore because its context has been garbage collected
at io.appium.java_client.pagefactory.AppiumElementLocator.lambda$findElement$0(AppiumElementLocator.java:154)
at java.base/java.util.Optional.orElseThrow(Optional.java:403)
at io.appium.java_client.pagefactory.AppiumElementLocator.findElement(AppiumElementLocator.java:153)
at io.appium.java_client.pagefactory.interceptors.InterceptorOfASingleElement.call(InterceptorOfASingleElement.java:64)
at io.appium.java_client.proxy.Interceptor.intercept(Interceptor.java:78)
at org.openqa.selenium.remote.RemoteWebElement$ByteBuddy$rXi04bsm.click(Unknown Source)
at eero.dogfood.HomePage.clickStartSetup(HomePage.java:85)
at eero.dogfood.BusinessNetworkCases.createBusinessNetwork(BusinessNetworkCases.java:23)
at java.base/jdk.internal.reflect.NativeMethodAccessorImpl.invoke0(Native Method)
at java.base/jdk.internal.reflect.NativeMethodAccessorImpl.invoke(NativeMethodAccessorImpl.java:77)
at java.base/jdk.internal.reflect.DelegatingMethodAccessorImpl.invoke(DelegatingMethodAccessorImpl.java:43)
at java.base/java.lang.reflect.Method.invoke(Method.java:568)
at org.testng.internal.MethodInvocationHelper.invokeMethod(MethodInvocationHelper.java:133)
at org.testng.internal.TestInvoker.invokeMethod(TestInvoker.java:598)
at org.testng.internal.TestInvoker.invokeTestMethod(TestInvoker.java:173)
at org.testng.internal.MethodRunner.runInSequence(MethodRunner.java:46)
at org.testng.internal.TestInvoker$MethodInvocationAgent.invoke(TestInvoker.java:824)
at org.testng.internal.TestInvoker.invokeTestMethods(TestInvoker.java:146)
at org.testng.internal.TestMethodWorker.invokeTestMethods(TestMethodWorker.java:146)
at org.testng.internal.TestMethodWorker.run(TestMethodWorker.java:128)
at java.base/java.util.ArrayList.forEach(ArrayList.java:1511)
at org.testng.TestRunner.privateRun(TestRunner.java:794)
at org.testng.TestRunner.run(TestRunner.java:596)
at org.testng.SuiteRunner.runTest(SuiteRunner.java:377)
at org.testng.SuiteRunner.runSequentially(SuiteRunner.java:371)
at org.testng.SuiteRunner.privateRun(SuiteRunner.java:332)
at org.testng.SuiteRunner.run(SuiteRunner.java:276)
at org.testng.SuiteRunnerWorker.runSuite(SuiteRunnerWorker.java:53)
at org.testng.SuiteRunnerWorker.run(SuiteRunnerWorker.java:96)
at org.testng.TestNG.runSuitesSequentially(TestNG.java:1212)
at org.testng.TestNG.runSuitesLocally(TestNG.java:1134)
at org.testng.TestNG.runSuites(TestNG.java:1063)
at org.testng.TestNG.run(TestNG.java:1031)
at org.testng.remote.AbstractRemoteTestNG.run(AbstractRemoteTestNG.java:115)
at org.testng.remote.RemoteTestNG.initAndRun(RemoteTestNG.java:251)
at org.testng.remote.RemoteTestNG.main(RemoteTestNG.java:77)
]]>
    </error>
  </testcase> <!-- createBusinessNetwork -->
  <system-out/>
  <testcase classname="eero.dogfood.BusinessNetworkCases" name="C23964">
    <skipped/>
  </testcase> <!-- C23964 -->
  <system-out/>
  <testcase classname="eero.dogfood.BusinessNetworkCases" name="C233647">
    <skipped/>
  </testcase> <!-- C233647 -->
  <system-out/>
  <testcase classname="eero.dogfood.BusinessNetworkCases" name="C235445">
    <skipped/>
  </testcase> <!-- C235445 -->
  <system-out/>
  <testcase classname="eero.dogfood.BusinessNetworkCases" name="C29192">
    <skipped/>
  </testcase> <!-- C29192 -->
  <system-out/>
  <testcase classname="eero.dogfood.BusinessNetworkCases" name="C28492">
    <skipped/>
  </testcase> <!-- C28492 -->
  <system-out/>
  <testcase classname="eero.dogfood.BusinessNetworkCases" name="C37222">
    <skipped/>
  </testcase> <!-- C37222 -->
  <system-out/>
  <testcase classname="eero.dogfood.BusinessNetworkCases" name="C37220">
    <skipped/>
  </testcase> <!-- C37220 -->
  <system-out/>
  <testcase classname="eero.dogfood.BusinessNetworkCases" name="C37191">
    <skipped/>
  </testcase> <!-- C37191 -->
  <system-out/>
</testsuite> <!-- eero.dogfood.BusinessNetworkCases -->
