<?xml version="1.0" encoding="UTF-8"?>
<!-- Generated by org.testng.reporters.JUnitReportReporter -->
<testsuite hostname="MAA-5CG1158Q3P" failures="0" tests="6" name="eero.dogfood.B2B.BusinessNetworkCases" time="76.711" errors="0" timestamp="2024-03-06T08:36:09 IST" skipped="5">
  <testcase classname="eero.dogfood.B2B.BusinessNetworkCases" name="C28492" time="76.711"/>
  <system-out/>
  <testcase classname="eero.dogfood.B2B.BusinessNetworkCases" name="C235445">
    <skipped/>
  </testcase> <!-- C235445 -->
  <system-out/>
  <testcase classname="eero.dogfood.B2B.BusinessNetworkCases" name="C29192">
    <skipped/>
  </testcase> <!-- C29192 -->
  <system-out/>
  <testcase classname="eero.dogfood.B2B.BusinessNetworkCases" name="C23963">
    <skipped/>
  </testcase> <!-- C23963 -->
  <system-out/>
  <testcase classname="eero.dogfood.B2B.BusinessNetworkCases" name="C233647">
    <skipped/>
  </testcase> <!-- C233647 -->
  <system-out/>
  <testcase classname="eero.dogfood.B2B.BusinessNetworkCases" name="C37224">
    <skipped/>
  </testcase> <!-- C37224 -->
  <system-out/>
</testsuite> <!-- eero.dogfood.B2B.BusinessNetworkCases -->
