<?xml version="1.0" encoding="UTF-8"?>
<!-- Generated by org.testng.reporters.JUnitReportReporter -->
<testsuite hostname="MAA-5CG1158Q3P" failures="0" tests="6" name="eero.dogfood.CreateNetworkCases" time="244.627" errors="0" timestamp="2024-02-12T17:14:40 IST" skipped="5">
  <testcase classname="eero.dogfood.CreateNetworkCases" name="C2691" time="244.627"/>
  <system-out/>
  <testcase classname="eero.dogfood.CreateNetworkCases" name="DeleteNetwork">
    <skipped/>
  </testcase> <!-- DeleteNetwork -->
  <system-out/>
  <testcase classname="eero.dogfood.CreateNetworkCases" name="TurnOnGuest">
    <skipped/>
  </testcase> <!-- TurnOnGuest -->
  <system-out/>
  <testcase classname="eero.dogfood.CreateNetworkCases" name="createStaticNetwork">
    <skipped/>
  </testcase> <!-- createStaticNetwork -->
  <system-out/>
  <testcase classname="eero.dogfood.CreateNetworkCases" name="createNetwork">
    <skipped/>
  </testcase> <!-- createNetwork -->
  <system-out/>
  <testcase classname="eero.dogfood.CreateNetworkCases" name="C2788">
    <skipped/>
  </testcase> <!-- C2788 -->
  <system-out/>
</testsuite> <!-- eero.dogfood.CreateNetworkCases -->
