<?xml version="1.0" encoding="UTF-8"?>
<!-- Generated by org.testng.reporters.JUnitReportReporter -->
<testsuite hostname="192.168.1.5" failures="0" tests="1" name="eero.dogfood.createNetworkcase" time="9.451" errors="0" timestamp="2023-11-28T08:51:51 IST" skipped="0">
  <testcase classname="eero.dogfood.createNetworkcase" name="createNetwork" time="9.451"/>
  <system-out/>
</testsuite> <!-- eero.dogfood.createNetworkcase -->
