<?xml version="1.0" encoding="UTF-8"?>
<!-- Generated by org.testng.reporters.JUnitReportReporter -->
<testsuite hostname="MAA-5CG1158Q3P" failures="0" tests="7" name="eero.dogfood.B2B.multiSsidSection" time="535.386" errors="0" timestamp="2024-03-03T16:44:53 IST" skipped="1">
  <testcase classname="eero.dogfood.B2B.multiSsidSection" name="C37206" time="11.030"/>
  <system-out/>
  <testcase classname="eero.dogfood.B2B.multiSsidSection" name="C37208" time="114.702"/>
  <system-out/>
  <testcase classname="eero.dogfood.B2B.multiSsidSection" name="C385604" time="103.794"/>
  <system-out/>
  <testcase classname="eero.dogfood.B2B.multiSsidSection" name="C37146" time="16.448"/>
  <system-out/>
  <testcase classname="eero.dogfood.B2B.multiSsidSection" name="C37148" time="145.107"/>
  <system-out/>
  <testcase classname="eero.dogfood.B2B.multiSsidSection" name="C385605" time="144.305"/>
  <system-out/>
  <testcase classname="eero.dogfood.B2B.multiSsidSection" name="C37155">
    <skipped/>
  </testcase> <!-- C37155 -->
  <system-out/>
</testsuite> <!-- eero.dogfood.B2B.multiSsidSection -->
