<?xml version="1.0" encoding="UTF-8"?>
<!-- Generated by org.testng.reporters.JUnitReportReporter -->
<testsuite hostname="MAA-5CG1158Q3P" failures="0" tests="3" name="eero.dogfood.B2B.ClientRedirectionOnDifferentBrowsersSection" time="361.580" errors="0" timestamp="2024-04-01T17:06:28 IST" skipped="0">
  <testcase classname="eero.dogfood.B2B.ClientRedirectionOnDifferentBrowsersSection" name="C36850" time="118.628"/>
  <testcase classname="eero.dogfood.B2B.ClientRedirectionOnDifferentBrowsersSection" name="C36852" time="114.480"/>
  <testcase classname="eero.dogfood.B2B.ClientRedirectionOnDifferentBrowsersSection" name="C36853" time="128.472"/>
</testsuite> <!-- eero.dogfood.B2B.ClientRedirectionOnDifferentBrowsersSection -->
