<?xml version="1.0" encoding="UTF-8"?>
<!-- Generated by org.testng.reporters.JUnitReportReporter -->
<testsuite hostname="MAA-5CG1158Q3P" failures="0" tests="6" name="eero.dogfood.CreateNetworkCases" time="98.541" errors="0" timestamp="2024-02-12T17:32:59 IST" skipped="5">
  <testcase classname="eero.dogfood.CreateNetworkCases" name="TurnOnGuest" time="98.541"/>
  <system-out/>
  <testcase classname="eero.dogfood.CreateNetworkCases" name="C2691">
    <skipped/>
  </testcase> <!-- C2691 -->
  <system-out/>
  <testcase classname="eero.dogfood.CreateNetworkCases" name="DeleteNetwork">
    <skipped/>
  </testcase> <!-- DeleteNetwork -->
  <system-out/>
  <testcase classname="eero.dogfood.CreateNetworkCases" name="createStaticNetwork">
    <skipped/>
  </testcase> <!-- createStaticNetwork -->
  <system-out/>
  <testcase classname="eero.dogfood.CreateNetworkCases" name="createNetwork">
    <skipped/>
  </testcase> <!-- createNetwork -->
  <system-out/>
  <testcase classname="eero.dogfood.CreateNetworkCases" name="C2788">
    <skipped/>
  </testcase> <!-- C2788 -->
  <system-out/>
</testsuite> <!-- eero.dogfood.CreateNetworkCases -->
