<?xml version="1.0" encoding="UTF-8"?>
<!-- Generated by org.testng.reporters.JUnitReportReporter -->
<testsuite hostname="MAA-5CG1158Q3P" failures="0" tests="9" name="eero.dogfood.BusinessNetworkCases" time="253.140" errors="0" timestamp="2024-02-16T10:25:24 IST" skipped="7">
  <testcase classname="eero.dogfood.BusinessNetworkCases" name="C29192" time="117.715"/>
  <system-out/>
  <testcase classname="eero.dogfood.BusinessNetworkCases" name="C233647" time="135.425"/>
  <system-out/>
  <testcase classname="eero.dogfood.BusinessNetworkCases" name="C23964">
    <skipped/>
  </testcase> <!-- C23964 -->
  <system-out/>
  <testcase classname="eero.dogfood.BusinessNetworkCases" name="createBusinessNetwork">
    <skipped/>
  </testcase> <!-- createBusinessNetwork -->
  <system-out/>
  <testcase classname="eero.dogfood.BusinessNetworkCases" name="C235445">
    <skipped/>
  </testcase> <!-- C235445 -->
  <system-out/>
  <testcase classname="eero.dogfood.BusinessNetworkCases" name="C28492">
    <skipped/>
  </testcase> <!-- C28492 -->
  <system-out/>
  <testcase classname="eero.dogfood.BusinessNetworkCases" name="C37222">
    <skipped/>
  </testcase> <!-- C37222 -->
  <system-out/>
  <testcase classname="eero.dogfood.BusinessNetworkCases" name="C37220">
    <skipped/>
  </testcase> <!-- C37220 -->
  <system-out/>
  <testcase classname="eero.dogfood.BusinessNetworkCases" name="C37191">
    <skipped/>
  </testcase> <!-- C37191 -->
  <system-out/>
</testsuite> <!-- eero.dogfood.BusinessNetworkCases -->
